<?xml version="1.0" encoding="UTF-8"?>
<!-- Generated by org.testng.reporters.JUnitXMLReporter -->
<testsuite hostname="DESKTOP-NETU9LA" name="Default test" tests="11" failures="0" timestamp="25 May 2023 14:52:52 GMT" time="50.362" errors="0">
  <testcase name="fillform" time="4.552" classname="com.test.Test1"/>
  <testcase name="fillform" time="4.48" classname="com.test.Test1"/>
  <testcase name="fillform" time="4.568" classname="com.test.Test1"/>
  <testcase name="fillform" time="4.549" classname="com.test.Test1"/>
  <testcase name="fillform" time="4.505" classname="com.test.Test1"/>
  <testcase name="fillform" time="4.47" classname="com.test.Test1"/>
  <testcase name="fillform" time="4.489" classname="com.test.Test1"/>
  <testcase name="fillform" time="4.49" classname="com.test.Test1"/>
  <testcase name="fillform" time="4.491" classname="com.test.Test1"/>
  <testcase name="fillform" time="4.507" classname="com.test.Test1"/>
  <testcase name="fillform" time="4.492" classname="com.test.Test1"/>
</testsuite> <!-- Default test -->
